2025-10-28 16:11:28, MOVE, v:1, k:poo@notebook, mode:DOWN
2025-10-28 16:11:28, MOVE, v:1, k:poo@notebook, mode:PICK
2025-10-28 16:11:29, EXEC, v:1, k:poo@notebook, mode:LOCK, rate:100, size:0
2025-10-28 16:11:31, EXEC, v:1, k:poo@notebook, mode:LOCK, rate:100
2025-10-28 16:13:48, MOVE, v:1, k:poo@notebook, mode:BACK
2025-10-28 16:34:28, MOVE, v:1, k:poo@notebook, mode:PICK
2025-10-28 16:34:29, EXEC, v:1, k:poo@notebook, mode:LOCK, rate:0, size:39
2025-10-28 16:34:30, EXEC, v:1, k:poo@notebook, mode:LOCK, rate:0
2025-10-28 16:34:32, MOVE, v:1, k:poo@notebook, mode:BACK
2025-10-28 16:47:27, MOVE, v:1, k:poo@notebook, mode:PICK
2025-10-28 16:47:28, EXEC, v:1, k:poo@notebook, mode:LOCK, rate:0, size:53
2025-10-28 16:47:30, MOVE, v:1, k:poo@notebook, mode:BACK
2025-10-28 17:04:38, MOVE, v:1, k:poo@notebook, mode:PICK
2025-10-28 17:04:38, EXEC, v:1, k:poo@notebook, mode:LOCK, rate:0, size:72
2025-10-28 17:04:40, MOVE, v:1, k:poo@notebook, mode:BACK
2025-10-28 17:06:11, MOVE, v:1, k:poo@notebook, mode:PICK
2025-10-28 17:06:11, EXEC, v:1, k:poo@notebook, mode:LOCK, rate:0, size:101
2025-10-28 17:06:19, MOVE, v:1, k:poo@notebook, mode:BACK
2025-10-28 17:07:07, MOVE, v:1, k:poo@notebook, mode:PICK
2025-10-28 17:07:08, EXEC, v:1, k:poo@notebook, mode:LOCK, rate:100, size:125
2025-10-28 17:07:12, MOVE, v:1, k:poo@notebook, mode:BACK
2025-10-28 17:09:07, SELF, v:1, k:poo@notebook, rate:100, iagen:_, alone:4, study:100
